
SQL*Loader: Release 9.2.0.5.0 - Production on Di Okt 24 13:40:34 2006

Copyright (c) 1982, 2002, Oracle Corporation.  All rights reserved.

Kontrolldatei:    d:\intranet\application_alf\import\ControlFiles\WYETH_BW.ctl
Datendatei:     d:\intranet\application_alf\import\muenster_file_import\ALF_JDE_KD_20060710.dat
  Datei fehlerhafter Sätze:d:\intranet\application_alf\import\muenster_file_import\ALF_JDE_KD_20060710.dat.bad
  Datei für zurückgewiesene Sätze:  nichts spezifiziert
 
 (alle Discards zulassen)

Zu ladende Anzahl:     ALL
Zu überspringende Anzahl: 0
Zulässige Fehler:          50
Bind-Array:     64 Zeilen, maximal 256000 Bytes
Fortsetzung:    nichts spezifiziert
Benutzer Pfad:      Konventionell

Tabelle TMP_T_WYETH_BW, geladen von jedem logischen Satz.
Insert-Option in Kraft für diese Tabelle: APPEND

   Spaltenname                  Position   Läng Term Eing Datentyp
------------------------------ ---------- ----- ---- ---- ---------------------
WYBW_BELEGART                         1:2     2           CHARACTER            
WYBW_KDNRWARE                         3:7     5           CHARACTER            
WYBW_KDNRRECH                        8:12     5           CHARACTER            
WYBW_PHZNR                          13:27    15           CHARACTER            
WYBW_MENGE                          28:36     9           CHARACTER            
WYBW_MENGEVORZ                      37:37     1           CHARACTER            
WYBW_WERT                           38:50    13           CHARACTER            
WYBW_WERTVORZ                       51:51     1           CHARACTER            
WYBW_VKART                          52:52     1           CHARACTER            
WYBW_CURR                           53:55     3           CHARACTER            
WYBW_BESTAND                        56:64     9           CHARACTER            
WYBW_BESTANDVORZ                    65:65     1           CHARACTER            
WYBW_QKZ                            66:66     1           CHARACTER            
WYBW_BEWEGKZ                        67:68     2           CHARACTER            
WYBW_RECHDAT                        69:76     8           DATE YYYYMMDD        
WYBW_CHARGE                         77:91    15           CHARACTER            
WYBW_EXPYEAR                        92:95     4           CHARACTER            
WYBW_EXPMONTH                       96:97     2           CHARACTER            
WYBW_ANFONR                        98:107    10           CHARACTER            
WYBW_AUFNR                        108:113     6           CHARACTER            
WYBW_INFO                         114:138    25           CHARACTER            
WYBW_TRANSNR                      139:146     8           CHARACTER            
WYBW_LFDNR                        147:151     5           CHARACTER            
WYBW_TRANSDAT                     152:159     8           DATE YYYYMMDD        
WYBW_LIEFERANT                    160:164     5           CHARACTER            
WYBW_GSKZ                         165:165     1           CHARACTER            

Satz 1: Abgelehnt - Fehler in Tabelle TMP_T_WYETH_BW, Spalte WYBW_MENGE.
ORA-01722: Ungültige Zahl

Satz 2: Abgelehnt - Fehler in Tabelle TMP_T_WYETH_BW, Spalte WYBW_MENGE.
ORA-01722: Ungültige Zahl

Satz 3: Abgelehnt - Fehler in Tabelle TMP_T_WYETH_BW, Spalte WYBW_MENGE.
ORA-01722: Ungültige Zahl

Satz 4: Abgelehnt - Fehler in Tabelle TMP_T_WYETH_BW, Spalte WYBW_MENGE.
ORA-01722: Ungültige Zahl

Satz 5: Abgelehnt - Fehler in Tabelle TMP_T_WYETH_BW, Spalte WYBW_MENGE.
ORA-01722: Ungültige Zahl

Satz 6: Abgelehnt - Fehler in Tabelle TMP_T_WYETH_BW, Spalte WYBW_MENGE.
ORA-01722: Ungültige Zahl

Satz 7: Abgelehnt - Fehler in Tabelle TMP_T_WYETH_BW, Spalte WYBW_MENGE.
ORA-01722: Ungültige Zahl

Satz 8: Abgelehnt - Fehler in Tabelle TMP_T_WYETH_BW, Spalte WYBW_MENGE.
ORA-01722: Ungültige Zahl

Satz 9: Abgelehnt - Fehler in Tabelle TMP_T_WYETH_BW, Spalte WYBW_MENGE.
ORA-01722: Ungültige Zahl

Satz 10: Abgelehnt - Fehler in Tabelle TMP_T_WYETH_BW, Spalte WYBW_MENGE.
ORA-01722: Ungültige Zahl

Satz 11: Abgelehnt - Fehler in Tabelle TMP_T_WYETH_BW, Spalte WYBW_MENGE.
ORA-01722: Ungültige Zahl

Satz 12: Abgelehnt - Fehler in Tabelle TMP_T_WYETH_BW, Spalte WYBW_MENGE.
ORA-01722: Ungültige Zahl

Satz 13: Abgelehnt - Fehler in Tabelle TMP_T_WYETH_BW, Spalte WYBW_MENGE.
ORA-01722: Ungültige Zahl

Satz 14: Abgelehnt - Fehler in Tabelle TMP_T_WYETH_BW, Spalte WYBW_MENGE.
ORA-01722: Ungültige Zahl

Satz 15: Abgelehnt - Fehler in Tabelle TMP_T_WYETH_BW, Spalte WYBW_MENGE.
ORA-01722: Ungültige Zahl

Satz 16: Abgelehnt - Fehler in Tabelle TMP_T_WYETH_BW, Spalte WYBW_MENGE.
ORA-01722: Ungültige Zahl

Satz 17: Abgelehnt - Fehler in Tabelle TMP_T_WYETH_BW, Spalte WYBW_MENGE.
ORA-01722: Ungültige Zahl

Satz 18: Abgelehnt - Fehler in Tabelle TMP_T_WYETH_BW, Spalte WYBW_MENGE.
ORA-01722: Ungültige Zahl

Satz 19: Abgelehnt - Fehler in Tabelle TMP_T_WYETH_BW, Spalte WYBW_MENGE.
ORA-01722: Ungültige Zahl

Satz 20: Abgelehnt - Fehler in Tabelle TMP_T_WYETH_BW, Spalte WYBW_MENGE.
ORA-01722: Ungültige Zahl

Satz 21: Abgelehnt - Fehler in Tabelle TMP_T_WYETH_BW, Spalte WYBW_MENGE.
ORA-01722: Ungültige Zahl

Satz 22: Abgelehnt - Fehler in Tabelle TMP_T_WYETH_BW, Spalte WYBW_MENGE.
ORA-01722: Ungültige Zahl

Satz 23: Abgelehnt - Fehler in Tabelle TMP_T_WYETH_BW, Spalte WYBW_MENGE.
ORA-01722: Ungültige Zahl

Satz 24: Abgelehnt - Fehler in Tabelle TMP_T_WYETH_BW, Spalte WYBW_MENGE.
ORA-01722: Ungültige Zahl

Satz 25: Abgelehnt - Fehler in Tabelle TMP_T_WYETH_BW, Spalte WYBW_MENGE.
ORA-01722: Ungültige Zahl

Satz 26: Abgelehnt - Fehler in Tabelle TMP_T_WYETH_BW, Spalte WYBW_MENGE.
ORA-01722: Ungültige Zahl

Satz 27: Abgelehnt - Fehler in Tabelle TMP_T_WYETH_BW, Spalte WYBW_MENGE.
ORA-01722: Ungültige Zahl

Satz 28: Abgelehnt - Fehler in Tabelle TMP_T_WYETH_BW, Spalte WYBW_MENGE.
ORA-01722: Ungültige Zahl

Satz 29: Abgelehnt - Fehler in Tabelle TMP_T_WYETH_BW, Spalte WYBW_MENGE.
ORA-01722: Ungültige Zahl

Satz 30: Abgelehnt - Fehler in Tabelle TMP_T_WYETH_BW, Spalte WYBW_MENGE.
ORA-01722: Ungültige Zahl

Satz 31: Abgelehnt - Fehler in Tabelle TMP_T_WYETH_BW, Spalte WYBW_MENGE.
ORA-01722: Ungültige Zahl

Satz 32: Abgelehnt - Fehler in Tabelle TMP_T_WYETH_BW, Spalte WYBW_MENGE.
ORA-01722: Ungültige Zahl

Satz 33: Abgelehnt - Fehler in Tabelle TMP_T_WYETH_BW, Spalte WYBW_MENGE.
ORA-01722: Ungültige Zahl

Satz 34: Abgelehnt - Fehler in Tabelle TMP_T_WYETH_BW, Spalte WYBW_MENGE.
ORA-01722: Ungültige Zahl

Satz 35: Abgelehnt - Fehler in Tabelle TMP_T_WYETH_BW, Spalte WYBW_MENGE.
ORA-01722: Ungültige Zahl

Satz 36: Abgelehnt - Fehler in Tabelle TMP_T_WYETH_BW, Spalte WYBW_MENGE.
ORA-01722: Ungültige Zahl

Satz 37: Abgelehnt - Fehler in Tabelle TMP_T_WYETH_BW, Spalte WYBW_MENGE.
ORA-01722: Ungültige Zahl

Satz 38: Abgelehnt - Fehler in Tabelle TMP_T_WYETH_BW, Spalte WYBW_MENGE.
ORA-01722: Ungültige Zahl

Satz 39: Abgelehnt - Fehler in Tabelle TMP_T_WYETH_BW, Spalte WYBW_MENGE.
ORA-01722: Ungültige Zahl

Satz 40: Abgelehnt - Fehler in Tabelle TMP_T_WYETH_BW, Spalte WYBW_MENGE.
ORA-01722: Ungültige Zahl

Satz 41: Abgelehnt - Fehler in Tabelle TMP_T_WYETH_BW, Spalte WYBW_MENGE.
ORA-01722: Ungültige Zahl

Satz 42: Abgelehnt - Fehler in Tabelle TMP_T_WYETH_BW, Spalte WYBW_MENGE.
ORA-01722: Ungültige Zahl

Satz 43: Abgelehnt - Fehler in Tabelle TMP_T_WYETH_BW, Spalte WYBW_MENGE.
ORA-01722: Ungültige Zahl

Satz 44: Abgelehnt - Fehler in Tabelle TMP_T_WYETH_BW, Spalte WYBW_MENGE.
ORA-01722: Ungültige Zahl

Satz 45: Abgelehnt - Fehler in Tabelle TMP_T_WYETH_BW, Spalte WYBW_MENGE.
ORA-01722: Ungültige Zahl

Satz 46: Abgelehnt - Fehler in Tabelle TMP_T_WYETH_BW, Spalte WYBW_MENGE.
ORA-01722: Ungültige Zahl

Satz 47: Abgelehnt - Fehler in Tabelle TMP_T_WYETH_BW, Spalte WYBW_MENGE.
ORA-01722: Ungültige Zahl

Satz 48: Abgelehnt - Fehler in Tabelle TMP_T_WYETH_BW, Spalte WYBW_MENGE.
ORA-01722: Ungültige Zahl

Satz 49: Abgelehnt - Fehler in Tabelle TMP_T_WYETH_BW, Spalte WYBW_MENGE.
ORA-01722: Ungültige Zahl

Satz 50: Abgelehnt - Fehler in Tabelle TMP_T_WYETH_BW, Spalte WYBW_MENGE.
ORA-01722: Ungültige Zahl

Satz 51: Abgelehnt - Fehler in Tabelle TMP_T_WYETH_BW, Spalte WYBW_MENGE.
ORA-01722: Ungültige Zahl


MAXIMALE FEHLERZAHL ÜBERSCHRITTEN - Vorherige Statistik reflektiert partiellen Lauf.

Tabelle TMP_T_WYETH_BW:
  0 Zeilen erfolgreich geladen.
  51 Zeilen aufgrund von Datenfehlern nicht geladen.
  0 Zeilen  nicht geladen, da alle WHEN-Klauseln fehlerhaft waren.
  0 Zeilen nicht geladen, da alle Felder NULL waren.


Zugewiesener Bereich für Bind-Array:             14976 Bytes (64 Zeilen)
Byte in Lese-Puffer: 1048576

Gesamtzahl der übersprungenen logischen Datensätze:        0
Gesamtzahl der gelesenen logischen Datensätze:              64
Gesamtzahl der abgelehnten logischen Datensätze:            51
Gesamtzahl der zurückgewiesenen logischen Datensätze:        0

Lauf begonnen am Di Okt 24 13:40:34 2006
Lauf beendet am Di Okt 24 13:40:34 2006

Abgelaufene Zeit:    00:00:00.13
CPU-Zeit:             00:00:00.01
