
SQL*Loader: Release 9.2.0.5.0 - Production on Do Sep 1 13:49:16 2005

Copyright (c) 1982, 2002, Oracle Corporation.  All rights reserved.

Kontrolldatei:    d:\intranet\application_alf\import\ControlFiles\Pharmosan.ctl
Datendatei:     d:\intranet\application_alf\import\August_2005_Enbrel.txt
  Datei fehlerhafter Sätze:d:\intranet\application_alf\import\August_2005_Enbrel.txt.bad
  Datei für zurückgewiesene Sätze:  nichts spezifiziert
 
 (alle Discards zulassen)

Zu ladende Anzahl:     ALL
Zu überspringende Anzahl: 0
Zulässige Fehler:          50
Bind-Array:     64 Zeilen, maximal 256000 Bytes
Fortsetzung:    nichts spezifiziert
Benutzer Pfad:      Konventionell

Tabelle TMP_T_WYETH_PRE, geladen von jedem logischen Satz.
Insert-Option in Kraft für diese Tabelle: INSERT

   Spaltenname                  Position   Läng Term Eing Datentyp
------------------------------ ---------- ----- ---- ---- ---------------------
WYPR_KDNR                           FIRST     *  WHT      CHARACTER            
WYPR_MONAT                           NEXT     *  WHT      CHARACTER            
WYPR_DATE                            NEXT     *  WHT      DATE YYYY-MM-DD      
WYPR_GKK                             NEXT     *  WHT      CHARACTER            
WYPR_VERSCHREIBER                    NEXT     *  WHT      CHARACTER            
WYPR_BUNDESLAND                      NEXT     *  WHT      CHARACTER            
WYPR_PZN                             NEXT     *  WHT      CHARACTER            
WYPR_TOTAL                           NEXT     *  WHT      CHARACTER            
WYPR_MITARBEITER                     NEXT     *  WHT      CHARACTER            

SQL*Loader-601: Tabelle muss für die Option INSERT leer sein.  Fehler in Tabelle TMP_T_WYETH_PRE
