
SQL*Loader: Release 9.2.0.5.0 - Production on Di Okt 4 16:29:19 2005

Copyright (c) 1982, 2002, Oracle Corporation.  All rights reserved.

Kontrolldatei:    d:\intranet\application_alf\import\ControlFiles\Pharmosan.ctl
Datendatei:     d:\intranet\application_alf\import\August_2005_Enbrel.txt
  Datei fehlerhafter Sätze:d:\intranet\application_alf\import\August_2005_Enbrel.txt.bad
  Datei für zurückgewiesene Sätze:  nichts spezifiziert
 
 (alle Discards zulassen)

Zu ladende Anzahl:     ALL
Zu überspringende Anzahl: 0
Zulässige Fehler:          50
Bind-Array:     64 Zeilen, maximal 256000 Bytes
Fortsetzung:    nichts spezifiziert
Benutzer Pfad:      Konventionell

Tabelle TMP_T_WYETH_PRE, geladen von jedem logischen Satz.
Insert-Option in Kraft für diese Tabelle: INSERT

   Spaltenname                  Position   Läng Term Eing Datentyp
------------------------------ ---------- ----- ---- ---- ---------------------
WYPR_KDNR                           FIRST     *  WHT      CHARACTER            
WYPR_MONAT                           NEXT     *  WHT      CHARACTER            
WYPR_DATE                            NEXT     *  WHT      DATE YYYY-MM-DD      
WYPR_GKK                             NEXT     *  WHT      CHARACTER            
WYPR_VERSCHREIBER                    NEXT     *  WHT      CHARACTER            
WYPR_BUNDESLAND                      NEXT     *  WHT      CHARACTER            
WYPR_PZN                             NEXT     *  WHT      CHARACTER            
WYPR_TOTAL                           NEXT     *  WHT      CHARACTER            
WYPR_MITARBEITER                     NEXT     *  WHT      CHARACTER            

Satz 1: Abgelehnt - Fehler in Tabelle TMP_T_WYETH_PRE, Spalte WYPR_DATE.
ORA-01841: (Volles) Jahr muss zwischen -4713 und und +9999 liegen und darf nicht 0 sein

Satz 342: Abgelehnt - Fehler in Tabelle TMP_T_WYETH_PRE, Spalte WYPR_MITARBEITER.
Spalte vor logischem Satzende nicht gefunden (TRAILING NULLCOLS benutzen)
Satz 695: Abgelehnt - Fehler in Tabelle TMP_T_WYETH_PRE, Spalte WYPR_MITARBEITER.
Spalte vor logischem Satzende nicht gefunden (TRAILING NULLCOLS benutzen)
Satz 932: Abgelehnt - Fehler in Tabelle TMP_T_WYETH_PRE, Spalte WYPR_MITARBEITER.
Spalte vor logischem Satzende nicht gefunden (TRAILING NULLCOLS benutzen)
Satz 1086: Abgelehnt - Fehler in Tabelle TMP_T_WYETH_PRE, Spalte WYPR_MITARBEITER.
Spalte vor logischem Satzende nicht gefunden (TRAILING NULLCOLS benutzen)
Satz 1087: Abgelehnt - Fehler in Tabelle TMP_T_WYETH_PRE, Spalte WYPR_MITARBEITER.
Spalte vor logischem Satzende nicht gefunden (TRAILING NULLCOLS benutzen)
Satz 1088: Abgelehnt - Fehler in Tabelle TMP_T_WYETH_PRE, Spalte WYPR_MITARBEITER.
Spalte vor logischem Satzende nicht gefunden (TRAILING NULLCOLS benutzen)
Satz 1089: Abgelehnt - Fehler in Tabelle TMP_T_WYETH_PRE, Spalte WYPR_MITARBEITER.
Spalte vor logischem Satzende nicht gefunden (TRAILING NULLCOLS benutzen)
Satz 1090: Abgelehnt - Fehler in Tabelle TMP_T_WYETH_PRE, Spalte WYPR_MITARBEITER.
Spalte vor logischem Satzende nicht gefunden (TRAILING NULLCOLS benutzen)
Satz 1091: Abgelehnt - Fehler in Tabelle TMP_T_WYETH_PRE, Spalte WYPR_MITARBEITER.
Spalte vor logischem Satzende nicht gefunden (TRAILING NULLCOLS benutzen)

Tabelle TMP_T_WYETH_PRE:
  1081 Zeilen erfolgreich geladen.
  10 Zeilen aufgrund von Datenfehlern nicht geladen.
  0 Zeilen  nicht geladen, da alle WHEN-Klauseln fehlerhaft waren.
  0 Zeilen nicht geladen, da alle Felder NULL waren.


Zugewiesener Bereich für Bind-Array:            148608 Bytes (64 Zeilen)
Byte in Lese-Puffer: 1048576

Gesamtzahl der übersprungenen logischen Datensätze:        0
Gesamtzahl der gelesenen logischen Datensätze:            1091
Gesamtzahl der abgelehnten logischen Datensätze:            10
Gesamtzahl der zurückgewiesenen logischen Datensätze:        0

Lauf begonnen am Di Okt 04 16:29:19 2005
Lauf beendet am Di Okt 04 16:29:19 2005

Abgelaufene Zeit:    00:00:00.22
CPU-Zeit:             00:00:00.05
